<?xml version="1.0" encoding="UTF-8"?>
<!-- Generated by org.testng.reporters.JUnitReportReporter -->
<testsuite skipped="0" hostname="ASUSLAPTOP" name="practiceFW.AppiumFramework.scrolling" tests="1" failures="0" timestamp="2020-04-17T23:08:52 IST" time="69.056" errors="0">
  <testcase name="scrolltest" time="69.056" classname="practiceFW.AppiumFramework.scrolling"/>
  <system-out/>
</testsuite> <!-- practiceFW.AppiumFramework.scrolling -->
