<?xml version="1.0" encoding="UTF-8"?>
<!-- Generated by org.testng.reporters.JUnitReportReporter -->
<testsuite skipped="0" hostname="ASUSLAPTOP" name="practiceFW.AppiumFramework.draganddrop" tests="1" failures="0" timestamp="2020-04-17T23:08:52 IST" time="52.848" errors="0">
  <testcase name="dragtest" time="52.848" classname="practiceFW.AppiumFramework.draganddrop"/>
  <system-out/>
</testsuite> <!-- practiceFW.AppiumFramework.draganddrop -->
