<?xml version="1.0" encoding="UTF-8"?>
<!-- Generated by org.testng.reporters.JUnitReportReporter -->
<testsuite skipped="0" hostname="ASUSLAPTOP" name="practiceFW.AppiumFramework.Basics" tests="3" failures="0" timestamp="2020-04-17T23:08:52 IST" time="194.361" errors="0">
  <testcase name="Validation" time="61.614" classname="practiceFW.AppiumFramework.Basics"/>
  <system-out/>
  <testcase name="Validation" time="65.575" classname="practiceFW.AppiumFramework.Basics"/>
  <system-out/>
  <testcase name="Validation" time="67.172" classname="practiceFW.AppiumFramework.Basics"/>
  <system-out/>
</testsuite> <!-- practiceFW.AppiumFramework.Basics -->
