<?xml version="1.0" encoding="UTF-8"?>
<!-- Generated by org.testng.reporters.JUnitReportReporter -->
<testsuite skipped="0" hostname="ASUSLAPTOP" name="practiceFW.AppiumFramework.gestures" tests="1" failures="0" timestamp="2020-04-17T23:08:52 IST" time="56.677" errors="0">
  <testcase name="artofgestures" time="56.677" classname="practiceFW.AppiumFramework.gestures"/>
  <system-out/>
</testsuite> <!-- practiceFW.AppiumFramework.gestures -->
