<?xml version="1.0" encoding="UTF-8"?>
<!-- Generated by org.testng.reporters.JUnitReportReporter -->
<testsuite skipped="0" hostname="ASUSLAPTOP" name="practiceFW.AppiumFramework.swipe" tests="1" failures="0" timestamp="2020-04-18T11:08:17 IST" time="79.042" errors="0">
  <testcase name="swiping" time="79.042" classname="practiceFW.AppiumFramework.swipe"/>
  <system-out/>
</testsuite> <!-- practiceFW.AppiumFramework.swipe -->
