<?xml version="1.0" encoding="UTF-8"?>
<!-- Generated by org.testng.reporters.JUnitReportReporter -->
<testsuite skipped="0" hostname="ASUSLAPTOP" name="practiceFW.AppiumFramework.gestures" tests="1" failures="0" timestamp="2020-04-18T11:08:17 IST" time="58.235" errors="0">
  <testcase name="artofgestures" time="58.235" classname="practiceFW.AppiumFramework.gestures"/>
  <system-out/>
</testsuite> <!-- practiceFW.AppiumFramework.gestures -->
