<?xml version="1.0" encoding="UTF-8"?>
<!-- Generated by org.testng.reporters.JUnitReportReporter -->
<testsuite skipped="0" hostname="ASUSLAPTOP" name="practiceFW.AppiumFramework.Basics" tests="3" failures="0" timestamp="2020-04-18T11:08:17 IST" time="186.603" errors="0">
  <testcase name="Validation" time="61.304" classname="practiceFW.AppiumFramework.Basics"/>
  <system-out/>
  <testcase name="Validation" time="62.127" classname="practiceFW.AppiumFramework.Basics"/>
  <system-out/>
  <testcase name="Validation" time="63.172" classname="practiceFW.AppiumFramework.Basics"/>
  <system-out/>
</testsuite> <!-- practiceFW.AppiumFramework.Basics -->
