<?xml version="1.0" encoding="UTF-8"?>
<!-- Generated by org.testng.reporters.JUnitReportReporter -->
<testsuite skipped="0" hostname="ASUSLAPTOP" name="practiceFW.AppiumFramework.scrolling" tests="1" failures="0" timestamp="2020-04-18T11:08:17 IST" time="65.554" errors="0">
  <testcase name="scrolltest" time="65.554" classname="practiceFW.AppiumFramework.scrolling"/>
  <system-out/>
</testsuite> <!-- practiceFW.AppiumFramework.scrolling -->
