<?xml version="1.0" encoding="UTF-8"?>
<!-- Generated by org.testng.reporters.JUnitReportReporter -->
<testsuite skipped="0" hostname="ASUSLAPTOP" name="practiceFW.AppiumFramework.draganddrop" tests="1" failures="0" timestamp="2020-04-18T11:08:17 IST" time="55.113" errors="0">
  <testcase name="dragtest" time="55.113" classname="practiceFW.AppiumFramework.draganddrop"/>
  <system-out/>
</testsuite> <!-- practiceFW.AppiumFramework.draganddrop -->
